<?xml version="1.0" encoding="UTF-8"?>
<testsuite name="com.davita.botcommand.excel.OpenWorkbookTest" tests="3" skipped="0" failures="0" errors="0" timestamp="2025-10-17T19:37:55" hostname="AVELL_DYNPRO" time="2.534">
  <properties/>
  <testcase name="open_workbook_verify" classname="com.davita.botcommand.excel.OpenWorkbookTest" time="0.193"/>
  <testcase name="save_workbook_as_verify" classname="com.davita.botcommand.excel.OpenWorkbookTest" time="1.582"/>
  <testcase name="save_workbook_verify" classname="com.davita.botcommand.excel.OpenWorkbookTest" time="0.759"/>
  <system-out><![CDATA[[TEST START] Starting workbook opening test
[TEST] Created test directory at: C:/Users/GUSTAV~1/AppData/Local/Temp/open_book_7859341476792625531
[TEST] Testing XLS workbook opening
[TEST] Copied test workbook to: C:/Users/GUSTAV~1/AppData/Local/Temp/open_book_7859341476792625531/ExcelTest.xls
[TEST] Trying to open the test workbook in READ-WRITE mode at: C:/Users/GUSTAV~1/AppData/Local/Temp/open_book_7859341476792625531/ExcelTest.xls
[TEST] Opened test successfully
[TEST] Workbook has 8 sheets
[TEST] Closed READ-WRITE session successfully
[TEST] Trying to open the test workbook in READ mode at: C:/Users/GUSTAV~1/AppData/Local/Temp/open_book_7859341476792625531/ExcelTest.xls
[TEST] Opened test successfully in READ mode
[TEST] Workbook has 8 sheets
[TEST] Closed READ session successfully
[TEST] Testing XLSX workbook opening
[TEST] Copied test workbook to: C:/Users/GUSTAV~1/AppData/Local/Temp/open_book_7859341476792625531/ExcelTest.xlsx
[TEST] Trying to open the test workbook in READ-WRITE mode at: C:/Users/GUSTAV~1/AppData/Local/Temp/open_book_7859341476792625531/ExcelTest.xlsx
[TEST] Opened test successfully
[TEST] Workbook has 8 sheets
[TEST] Closed READ-WRITE session successfully
[TEST] Trying to open the test workbook in READ mode at: C:/Users/GUSTAV~1/AppData/Local/Temp/open_book_7859341476792625531/ExcelTest.xlsx
[TEST] Opened test successfully in READ mode
[TEST] Workbook has 8 sheets
[TEST] Closed READ session successfully
[TEST] Testing XLSM workbook opening
[TEST] Copied test workbook to: C:/Users/GUSTAV~1/AppData/Local/Temp/open_book_7859341476792625531/ExcelTest.xlsm
[TEST] Trying to open the test workbook in READ-WRITE mode at: C:/Users/GUSTAV~1/AppData/Local/Temp/open_book_7859341476792625531/ExcelTest.xlsm
[TEST] Opened test successfully
[TEST] Workbook has 8 sheets
[TEST] Closed READ-WRITE session successfully
[TEST] Trying to open the test workbook in READ mode at: C:/Users/GUSTAV~1/AppData/Local/Temp/open_book_7859341476792625531/ExcelTest.xlsm
[TEST] Opened test successfully in READ mode
[TEST] Workbook has 8 sheets
[TEST] Closed READ session successfully
[TEST END] Finished workbook opening test
[TEST START] Starting workbook saving as test
[TEST] Created test directory at: C:/Users/GUSTAV~1/AppData/Local/Temp/save_as_book_6181116032026089348
[TEST] Testing SaveWorkbookAs XLS -> XLS
[TEST] Creating workbook at: C:/Users/GUSTAV~1/AppData/Local/Temp/save_as_book_6181116032026089348/SaveAsOriginal.xls
[TEST] Added test data
[TEST] Initial save completed
[TEST] SaveWorkbookAs executed to: C:/Users/GUSTAV~1/AppData/Local/Temp/save_as_book_6181116032026089348/SaveAsNew.xls
[TEST] Verified session switched to new path
[TEST] Verified SaveAs data persisted correctly
[TEST] Testing SaveWorkbookAs XLSX -> XLSX
[TEST] Creating workbook at: C:/Users/GUSTAV~1/AppData/Local/Temp/save_as_book_6181116032026089348/SaveAsOriginal.xlsx
[TEST] Added test data
[TEST] Initial save completed
[TEST] SaveWorkbookAs executed to: C:/Users/GUSTAV~1/AppData/Local/Temp/save_as_book_6181116032026089348/SaveAsNew.xlsx
[TEST] Verified session switched to new path
[TEST] Verified SaveAs data persisted correctly
[TEST] Testing SaveWorkbookAs XLSX -> different path
[TEST] Testing SaveAs to different directory
[TEST] SaveAs to different directory successful
[TEST] Testing SaveWorkbookAs with overwrite=false
[TEST] Testing SaveAs overwrite behavior
[TEST] Created target file
[TEST] Expected exception caught: Failed to save workbook as: E-EXISTS: Destination file already exists: C:\Users\GUSTAV~1\AppData\Local\Temp\save_as_book_6181116032026089348\OverwriteTarget.xlsx. Pass overwrite=true to replace.
[TEST] SaveAs with overwrite=true succeeded
[TEST END] Finished workbook saving as test
[TEST START] Starting workbook saving test
[TEST] Created test directory at: C:/Users/GUSTAV~1/AppData/Local/Temp/save_book_15505596099381015222
[TEST] Testing SaveWorkbook for XLS format
[TEST] Creating new workbook at: C:/Users/GUSTAV~1/AppData/Local/Temp/save_book_15505596099381015222/SaveTest.xls
[TEST] Added test data to workbook
[TEST] SaveWorkbook command executed successfully
[TEST] Verified saved file exists with size: 4096 bytes
[TEST] Closed session after save test
[TEST] Reopening saved file to verify data persistence
[TEST] Verified saved data: Test Data for Save
[TEST] Testing SaveWorkbook for XLSX format
[TEST] Creating new workbook at: C:/Users/GUSTAV~1/AppData/Local/Temp/save_book_15505596099381015222/SaveTest.xlsx
[TEST] Added test data to workbook
[TEST] SaveWorkbook command executed successfully
[TEST] Verified saved file exists with size: 3298 bytes
[TEST] Closed session after save test
[TEST] Reopening saved file to verify data persistence
[TEST] Verified saved data: Test Data for Save
[TEST] Testing SaveWorkbook for XLSM format
[TEST] Creating new workbook at: C:/Users/GUSTAV~1/AppData/Local/Temp/save_book_15505596099381015222/SaveTest.xlsm
[TEST] Added test data to workbook
[TEST] SaveWorkbook command executed successfully
[TEST] Verified saved file exists with size: 3298 bytes
[TEST] Closed session after save test
[TEST] Reopening saved file to verify data persistence
[TEST] Verified saved data: Test Data for Save
[TEST END] Finished workbook saving test
]]></system-out>
  <system-err><![CDATA[]]></system-err>
</testsuite>
