<?xml version="1.0" encoding="UTF-8"?>
<testsuite name="com.davita.botcommand.excel.CreateWorkbookTest" tests="1" skipped="0" failures="0" errors="0" timestamp="2025-10-17T19:37:54" hostname="AVELL_DYNPRO" time="0.408">
  <properties/>
  <testcase name="create_workbook_verify" classname="com.davita.botcommand.excel.CreateWorkbookTest" time="0.408"/>
  <system-out><![CDATA[[TEST] Created test directory at: C:/Users/GUSTAV~1/AppData/Local/Temp/create_book_14194454402544294029
[TEST] Testing XLS workbook creation
[TEST] Trying to create a test workbook at: C:/Users/GUSTAV~1/AppData/Local/Temp/create_book_14194454402544294029/ExcelTest.xls
[TEST] Created test workbook
[TEST] Opening test workbook for verification
[TEST] Test workbook verified
[TEST] Testing XLSX workbook creation
[TEST] Trying to create a test workbook at: C:/Users/GUSTAV~1/AppData/Local/Temp/create_book_14194454402544294029/ExcelTest.xlsx
[TEST] Created test workbook
[TEST] Opening test workbook for verification
[TEST] Test workbook verified
]]></system-out>
  <system-err><![CDATA[]]></system-err>
</testsuite>
